2025-08-02 11:40:58 | INFO     | daemon.watch:__init__:604 - FileWatcher initialized
2025-08-02 11:43:04 | INFO     | daemon.watch:__init__:604 - FileWatcher initialized
2025-08-02 11:43:04 | INFO     | daemon.watch:_load_config:619 - Configuration loaded from prompts/watcher_config.yaml
2025-08-02 11:43:04 | INFO     | daemon.watch:__init__:604 - FileWatcher initialized
2025-08-02 11:43:04 | INFO     | daemon.watch:_load_config:619 - Configuration loaded from C:\Users\ziyil\AppData\Local\Temp\tmp3qn5iotq.yaml
2025-08-02 11:43:05 | INFO     | daemon.watch:__init__:604 - FileWatcher initialized
2025-08-02 11:47:01 | INFO     | daemon.watch:__init__:604 - FileWatcher initialized
2025-08-02 11:47:01 | INFO     | daemon.watch:_load_config:619 - Configuration loaded from prompts/watcher_config.yaml
2025-08-02 11:47:01 | INFO     | daemon.watch:__init__:604 - FileWatcher initialized
2025-08-02 11:47:01 | INFO     | daemon.watch:_load_config:619 - Configuration loaded from C:\Users\ziyil\AppData\Local\Temp\tmphk8cg9qk.yaml
2025-08-02 11:47:02 | INFO     | daemon.watch:__init__:604 - FileWatcher initialized
2025-08-02 11:51:17 | INFO     | daemon.watch:__init__:604 - FileWatcher initialized
2025-08-02 11:51:17 | INFO     | daemon.watch:_load_config:619 - Configuration loaded from prompts/watcher_config.yaml
2025-08-02 11:51:17 | INFO     | daemon.watch:__init__:604 - FileWatcher initialized
2025-08-02 11:51:18 | INFO     | daemon.watch:_load_config:619 - Configuration loaded from C:\Users\ziyil\AppData\Local\Temp\tmp9arse686.yaml
2025-08-02 11:51:19 | INFO     | daemon.watch:__init__:604 - FileWatcher initialized
2025-08-02 17:45:30 | INFO     | daemon.watch:__init__:604 - FileWatcher initialized
2025-08-02 19:06:50 | INFO     | daemon.watch:__init__:604 - FileWatcher initialized
2025-08-02 19:06:50 | INFO     | daemon.watch:start:1048 - Starting file watcher...
2025-08-02 19:06:50 | INFO     | daemon.watch:_initialize_components:684 - Initializing embedding manager...
2025-08-02 19:07:12 | INFO     | daemon.watch:_initialize_components:687 - Initializing document extractor...
2025-08-02 19:07:12 | INFO     | daemon.watch:_initialize_components:690 - Core components initialized successfully
2025-08-02 19:07:12 | INFO     | daemon.watch:_setup_file_watching:703 - Watching directory: extracts
2025-08-02 19:07:12 | INFO     | daemon.watch:_setup_file_watching:703 - Watching directory: sample_docs
2025-08-02 19:07:12 | INFO     | daemon.watch:_setup_scheduler:724 - Scheduled nightly reindex at 02:00
2025-08-02 19:07:12 | INFO     | daemon.watch:_process_file_changes:732 - File processing worker started
2025-08-02 19:07:12 | INFO     | daemon.watch:start:1074 - File watcher started successfully
2025-08-02 19:23:21 | INFO     | daemon.watch:__init__:604 - FileWatcher initialized
2025-08-02 19:23:21 | INFO     | daemon.watch:start:1048 - Starting file watcher...
2025-08-02 19:23:21 | INFO     | daemon.watch:_initialize_components:684 - Initializing embedding manager...
2025-08-02 19:23:21 | WARNING  | daemon.watch:_pre_warm_model:109 - Model pre-warming failed: No module named 'sentence_transformers'
2025-08-02 19:23:21 | INFO     | daemon.watch:_initialize_components:687 - Initializing document extractor...
2025-08-02 19:23:21 | INFO     | daemon.watch:_initialize_components:690 - Core components initialized successfully
2025-08-02 19:23:21 | INFO     | daemon.watch:_setup_file_watching:703 - Watching directory: sample_docs
2025-08-02 19:23:21 | INFO     | daemon.watch:_setup_file_watching:703 - Watching directory: extracts
2025-08-02 19:23:21 | INFO     | daemon.watch:_setup_scheduler:724 - Scheduled nightly reindex at 02:00
2025-08-02 19:23:21 | INFO     | daemon.watch:_process_file_changes:732 - File processing worker started
2025-08-02 19:23:21 | INFO     | daemon.watch:start:1074 - File watcher started successfully
2025-08-02 20:21:08 | INFO     | daemon.watch:__init__:604 - FileWatcher initialized
2025-08-02 20:21:08 | INFO     | daemon.watch:start:1048 - Starting file watcher...
2025-08-02 20:21:08 | INFO     | daemon.watch:_initialize_components:684 - Initializing embedding manager...
2025-08-02 20:21:17 | INFO     | daemon.watch:_initialize_components:687 - Initializing document extractor...
2025-08-02 20:21:17 | INFO     | daemon.watch:_initialize_components:690 - Core components initialized successfully
2025-08-02 20:21:17 | INFO     | daemon.watch:_setup_file_watching:703 - Watching directory: sample_docs
2025-08-02 20:21:17 | INFO     | daemon.watch:_setup_file_watching:703 - Watching directory: extracts
2025-08-02 20:21:17 | INFO     | daemon.watch:_setup_scheduler:724 - Scheduled nightly reindex at 02:00
2025-08-02 20:21:17 | INFO     | daemon.watch:_process_file_changes:732 - File processing worker started
2025-08-02 20:21:17 | INFO     | daemon.watch:start:1074 - File watcher started successfully
2025-08-02 20:29:19 | INFO     | daemon.watch:__init__:604 - FileWatcher initialized
2025-08-02 20:29:19 | INFO     | daemon.watch:start:1048 - Starting file watcher...
2025-08-02 20:29:19 | INFO     | daemon.watch:_initialize_components:684 - Initializing embedding manager...
2025-08-02 20:29:28 | INFO     | daemon.watch:_initialize_components:687 - Initializing document extractor...
2025-08-02 20:29:28 | INFO     | daemon.watch:_initialize_components:690 - Core components initialized successfully
2025-08-02 20:29:28 | INFO     | daemon.watch:_setup_file_watching:703 - Watching directory: extracts
2025-08-02 20:29:28 | INFO     | daemon.watch:_setup_file_watching:703 - Watching directory: sample_docs
2025-08-02 20:29:28 | INFO     | daemon.watch:_setup_scheduler:724 - Scheduled nightly reindex at 02:00
2025-08-02 20:29:28 | INFO     | daemon.watch:_process_file_changes:732 - File processing worker started
2025-08-02 20:29:28 | INFO     | daemon.watch:start:1074 - File watcher started successfully
2025-08-02 20:33:22 | INFO     | daemon.watch:__init__:604 - FileWatcher initialized
2025-08-02 20:33:22 | INFO     | daemon.watch:start:1048 - Starting file watcher...
2025-08-02 20:33:22 | INFO     | daemon.watch:_initialize_components:684 - Initializing embedding manager...
2025-08-02 20:33:31 | INFO     | daemon.watch:_initialize_components:687 - Initializing document extractor...
2025-08-02 20:33:31 | INFO     | daemon.watch:_initialize_components:690 - Core components initialized successfully
2025-08-02 20:33:31 | INFO     | daemon.watch:_setup_file_watching:703 - Watching directory: extracts
2025-08-02 20:33:31 | INFO     | daemon.watch:_setup_file_watching:703 - Watching directory: sample_docs
2025-08-02 20:33:31 | INFO     | daemon.watch:_setup_scheduler:724 - Scheduled nightly reindex at 02:00
2025-08-02 20:33:31 | INFO     | daemon.watch:_process_file_changes:732 - File processing worker started
2025-08-02 20:33:31 | INFO     | daemon.watch:start:1074 - File watcher started successfully
2025-08-02 21:55:44 | INFO     | daemon.watch:__init__:604 - FileWatcher initialized
2025-08-02 21:55:44 | INFO     | daemon.watch:start:1048 - Starting file watcher...
2025-08-02 21:55:44 | INFO     | daemon.watch:_initialize_components:684 - Initializing embedding manager...
2025-08-02 21:55:59 | INFO     | daemon.watch:_initialize_components:687 - Initializing document extractor...
2025-08-02 21:55:59 | INFO     | daemon.watch:_initialize_components:690 - Core components initialized successfully
2025-08-02 21:55:59 | INFO     | daemon.watch:_setup_file_watching:703 - Watching directory: sample_docs
2025-08-02 21:55:59 | INFO     | daemon.watch:_setup_file_watching:703 - Watching directory: extracts
2025-08-02 21:55:59 | INFO     | daemon.watch:_setup_scheduler:724 - Scheduled nightly reindex at 02:00
2025-08-02 21:55:59 | INFO     | daemon.watch:_process_file_changes:732 - File processing worker started
2025-08-02 21:55:59 | INFO     | daemon.watch:start:1074 - File watcher started successfully
2025-08-02 22:08:07 | INFO     | daemon.watch:__init__:604 - FileWatcher initialized
2025-08-02 22:08:07 | INFO     | daemon.watch:start:1048 - Starting file watcher...
2025-08-02 22:08:07 | INFO     | daemon.watch:_initialize_components:684 - Initializing embedding manager...
2025-08-02 22:08:21 | INFO     | daemon.watch:_initialize_components:687 - Initializing document extractor...
2025-08-02 22:08:21 | INFO     | daemon.watch:_initialize_components:690 - Core components initialized successfully
2025-08-02 22:08:21 | INFO     | daemon.watch:_setup_file_watching:703 - Watching directory: extracts
2025-08-02 22:08:21 | INFO     | daemon.watch:_setup_file_watching:703 - Watching directory: sample_docs
2025-08-02 22:08:21 | INFO     | daemon.watch:_setup_scheduler:724 - Scheduled nightly reindex at 02:00
2025-08-02 22:08:21 | INFO     | daemon.watch:_process_file_changes:732 - File processing worker started
2025-08-02 22:08:21 | INFO     | daemon.watch:start:1074 - File watcher started successfully
2025-08-02 22:28:51 | INFO     | daemon.watch:_process_file_changes:743 - Processing 5 file changes
2025-08-02 22:28:51 | INFO     | daemon.watch:add_document:141 - Successfully added document: technical_docs\README.md (1 chunks)
2025-08-02 22:28:51 | INFO     | daemon.watch:add_document:141 - Successfully added document: research_papers\README.md (1 chunks)
2025-08-02 22:28:51 | INFO     | daemon.watch:add_document:141 - Successfully added document: personal_notes\README.md (1 chunks)
2025-08-02 22:28:51 | INFO     | daemon.watch:add_document:141 - Successfully added document: meeting_notes\README.md (1 chunks)
2025-08-02 22:28:51 | INFO     | daemon.watch:add_document:141 - Successfully added document: user_manuals\README.md (1 chunks)
2025-08-02 22:28:51 | INFO     | daemon.watch:save_index:199 - Index successfully saved to disk
2025-08-02 22:28:51 | INFO     | daemon.watch:_add_to_index:869 - Index updated with 5 files
2025-08-02 22:28:51 | INFO     | daemon.watch:_process_change_batch:807 - Batch processed: 0 added, 5 updated, 0 deleted
2025-08-02 22:32:01 | INFO     | daemon.watch:_process_file_changes:743 - Processing 38 file changes
2025-08-02 22:32:02 | INFO     | daemon.watch:add_document:141 - Successfully added document: classic_literature\A Christmas Carol in Prose; Being a Ghost Story of Christmas.txt (85 chunks)
2025-08-02 22:32:03 | INFO     | daemon.watch:add_document:141 - Successfully added document: classic_literature\A Gallery of Children.txt (34 chunks)
2025-08-02 22:32:04 | INFO     | daemon.watch:add_document:141 - Successfully added document: classic_literature\Alice's Adventures in Wonderland.txt (79 chunks)
2025-08-02 22:32:04 | INFO     | daemon.watch:add_document:141 - Successfully added document: classic_literature\All that happened in a week.txt (51 chunks)
2025-08-02 22:32:04 | INFO     | daemon.watch:add_document:141 - Successfully added document: classic_literature\Baseball ABC.txt (10 chunks)
2025-08-02 22:32:06 | INFO     | daemon.watch:add_document:141 - Successfully added document: classic_literature\Black Beauty.txt (169 chunks)
2025-08-02 22:32:06 | INFO     | daemon.watch:add_document:141 - Successfully added document: classic_literature\Children's Classics in Dramatic Form, A Reader for the Fourth Grade.txt (74 chunks)
2025-08-02 22:32:15 | INFO     | daemon.watch:add_document:141 - Successfully added document: classic_literature\Children's Literature.txt (1028 chunks)
2025-08-02 22:32:15 | INFO     | daemon.watch:add_document:141 - Successfully added document: classic_literature\Just so stories.txt (85 chunks)
2025-08-02 22:32:17 | INFO     | daemon.watch:add_document:141 - Successfully added document: classic_literature\Peter Pan.txt (135 chunks)
2025-08-02 22:32:19 | INFO     | daemon.watch:add_document:141 - Successfully added document: classic_literature\Rilla of Ingleside.txt (284 chunks)
2025-08-02 22:32:21 | INFO     | daemon.watch:add_document:141 - Successfully added document: classic_literature\Rose in Bloom.txt (260 chunks)
2025-08-02 22:32:21 | INFO     | daemon.watch:add_document:141 - Successfully added document: classic_literature\The Goody-Naughty Book.txt (27 chunks)
2025-08-02 22:32:21 | INFO     | daemon.watch:add_document:141 - Successfully added document: classic_literature\The Legend of Sleepy Hollow.txt (41 chunks)
2025-08-02 22:32:22 | INFO     | daemon.watch:add_document:141 - Successfully added document: classic_literature\The Night Before Christmas and Other Popular Stories For Children.txt (27 chunks)
2025-08-02 22:32:25 | INFO     | daemon.watch:add_document:141 - Successfully added document: classic_literature\The Secret Garden.txt (225 chunks)
2025-08-02 22:32:26 | INFO     | daemon.watch:add_document:141 - Successfully added document: classic_literature\The Wonderful Wizard of Oz.txt (114 chunks)
2025-08-02 22:32:29 | INFO     | daemon.watch:add_document:141 - Successfully added document: classic_literature\Treasure Island.txt (192 chunks)
2025-08-02 22:32:29 | INFO     | daemon.watch:add_document:141 - Successfully added document: classic_literature\Very Short Stories and Verses For Children.txt (47 chunks)
2025-08-02 22:32:30 | INFO     | daemon.watch:add_document:141 - Successfully added document: classic_literature\Winnie-the-Pooh.txt (70 chunks)
2025-08-02 22:32:31 | INFO     | daemon.watch:add_document:141 - Successfully added document: software_dev\api_best_practices.txt (1 chunks)
2025-08-02 22:32:31 | INFO     | daemon.watch:add_document:141 - Successfully added document: software_dev\database_design.txt (1 chunks)
2025-08-02 22:32:31 | INFO     | daemon.watch:add_document:141 - Successfully added document: software_dev\web_architecture.txt (1 chunks)
2025-08-02 22:32:32 | INFO     | daemon.watch:add_document:141 - Successfully added document: classic_literature\A Christmas Carol in Prose; Being a Ghost Story of Christmas.txt (85 chunks)
2025-08-02 22:32:32 | INFO     | daemon.watch:add_document:141 - Successfully added document: classic_literature\All that happened in a week.txt (51 chunks)
2025-08-02 22:32:34 | INFO     | daemon.watch:add_document:141 - Successfully added document: classic_literature\Children's Classics in Dramatic Form, A Reader for the Fourth Grade.txt (74 chunks)
2025-08-02 22:32:45 | INFO     | daemon.watch:add_document:141 - Successfully added document: classic_literature\Children's Literature.txt (1028 chunks)
2025-08-02 22:32:46 | INFO     | daemon.watch:add_document:141 - Successfully added document: classic_literature\Just so stories.txt (85 chunks)
2025-08-02 22:32:49 | INFO     | daemon.watch:add_document:141 - Successfully added document: classic_literature\Rose in Bloom.txt (260 chunks)
2025-08-02 22:32:49 | INFO     | daemon.watch:add_document:141 - Successfully added document: classic_literature\test_watcher.txt (1 chunks)
2025-08-02 22:32:49 | INFO     | daemon.watch:add_document:141 - Successfully added document: classic_literature\test_watcher_detection.txt (1 chunks)
2025-08-02 22:32:50 | INFO     | daemon.watch:add_document:141 - Successfully added document: classic_literature\The Goody-Naughty Book.txt (27 chunks)
2025-08-02 22:32:53 | INFO     | daemon.watch:add_document:141 - Successfully added document: classic_literature\The Secret Garden.txt (225 chunks)
2025-08-02 22:32:54 | INFO     | daemon.watch:add_document:141 - Successfully added document: classic_literature\The Wonderful Wizard of Oz.txt (114 chunks)
2025-08-02 22:32:56 | INFO     | daemon.watch:add_document:141 - Successfully added document: classic_literature\Treasure Island.txt (192 chunks)
2025-08-02 22:32:56 | INFO     | daemon.watch:add_document:141 - Successfully added document: software_dev\api_best_practices.txt (1 chunks)
2025-08-02 22:32:57 | INFO     | daemon.watch:add_document:141 - Successfully added document: software_dev\database_design.txt (1 chunks)
2025-08-02 22:32:57 | INFO     | daemon.watch:add_document:141 - Successfully added document: software_dev\web_architecture.txt (1 chunks)
2025-08-02 22:32:57 | INFO     | daemon.watch:save_index:199 - Index successfully saved to disk
2025-08-02 22:32:57 | INFO     | daemon.watch:_add_to_index:869 - Index updated with 38 files
2025-08-02 22:32:57 | INFO     | daemon.watch:_process_change_batch:807 - Batch processed: 0 added, 38 updated, 0 deleted
2025-08-02 23:31:33 | INFO     | daemon.watch:__init__:604 - FileWatcher initialized
2025-08-02 23:34:03 | INFO     | daemon.watch:__init__:604 - FileWatcher initialized
2025-08-02 23:34:03 | INFO     | daemon.watch:start:1048 - Starting file watcher...
2025-08-02 23:34:03 | INFO     | daemon.watch:_initialize_components:684 - Initializing embedding manager...
2025-08-02 23:34:18 | INFO     | daemon.watch:_initialize_components:687 - Initializing document extractor...
2025-08-02 23:34:18 | INFO     | daemon.watch:_initialize_components:690 - Core components initialized successfully
2025-08-02 23:34:18 | INFO     | daemon.watch:_setup_file_watching:703 - Watching directory: sample_docs
2025-08-02 23:34:18 | INFO     | daemon.watch:_setup_file_watching:703 - Watching directory: extracts
2025-08-02 23:34:18 | INFO     | daemon.watch:_setup_scheduler:724 - Scheduled nightly reindex at 02:00
2025-08-02 23:34:18 | INFO     | daemon.watch:_process_file_changes:732 - File processing worker started
2025-08-02 23:34:18 | INFO     | daemon.watch:start:1074 - File watcher started successfully
2025-08-02 23:39:39 | INFO     | daemon.watch:__init__:604 - FileWatcher initialized
2025-08-02 23:39:39 | INFO     | daemon.watch:start:1048 - Starting file watcher...
2025-08-02 23:39:39 | INFO     | daemon.watch:_initialize_components:684 - Initializing embedding manager...
2025-08-02 23:39:53 | INFO     | daemon.watch:_initialize_components:687 - Initializing document extractor...
2025-08-02 23:39:53 | INFO     | daemon.watch:_initialize_components:690 - Core components initialized successfully
2025-08-02 23:39:53 | INFO     | daemon.watch:_setup_file_watching:703 - Watching directory: sample_docs
2025-08-02 23:39:53 | INFO     | daemon.watch:_setup_file_watching:703 - Watching directory: extracts
2025-08-02 23:39:53 | INFO     | daemon.watch:_setup_scheduler:724 - Scheduled nightly reindex at 02:00
2025-08-02 23:39:53 | INFO     | daemon.watch:_process_file_changes:732 - File processing worker started
2025-08-02 23:39:53 | INFO     | daemon.watch:start:1074 - File watcher started successfully
2025-08-02 23:42:41 | INFO     | daemon.watch:__init__:604 - FileWatcher initialized
2025-08-02 23:42:41 | INFO     | daemon.watch:start:1048 - Starting file watcher...
2025-08-02 23:42:41 | INFO     | daemon.watch:_initialize_components:684 - Initializing embedding manager...
2025-08-02 23:42:54 | INFO     | daemon.watch:_initialize_components:687 - Initializing document extractor...
2025-08-02 23:42:54 | INFO     | daemon.watch:_initialize_components:690 - Core components initialized successfully
2025-08-02 23:42:54 | INFO     | daemon.watch:_setup_file_watching:703 - Watching directory: extracts
2025-08-02 23:42:54 | INFO     | daemon.watch:_setup_file_watching:703 - Watching directory: sample_docs
2025-08-02 23:42:54 | INFO     | daemon.watch:_setup_scheduler:724 - Scheduled nightly reindex at 02:00
2025-08-02 23:42:54 | INFO     | daemon.watch:_process_file_changes:732 - File processing worker started
2025-08-02 23:42:54 | INFO     | daemon.watch:start:1074 - File watcher started successfully
